16:28:03.164 INFO [GridLauncherV3.parse] - Selenium server version: 3.141.59, revision: e82be7d358
16:28:03.224 INFO [GridLauncherV3.lambda$buildLaunchers$3] - Launching a standalone Selenium Server on port 4444
2023-06-05 16:28:03.271:INFO::main: Logging initialized @295ms to org.seleniumhq.jetty9.util.log.StdErrLog
16:28:03.414 INFO [WebDriverServlet.<init>] - Initialising WebDriverServlet
16:28:03.638 INFO [SeleniumServer.boot] - Selenium Server is up and running on port 4444
16:28:03.799 INFO [ActiveSessionFactory.apply] - Capabilities are: {
  "browserName": "chrome",
  "goog:chromeOptions": {
  }
}
16:28:03.803 INFO [ActiveSessionFactory.lambda$apply$11] - Matched factory org.openqa.selenium.grid.session.remote.ServicedSession$Factory (provider: org.openqa.selenium.chrome.ChromeDriverService)
Starting ChromeDriver 114.0.5735.90 (386bc09e8f4f2e025eddae123f36f6263096ae49-refs/branch-heads/5735@{#1052}) on port 32824
Only local connections are allowed.
Please see https://chromedriver.chromium.org/security-considerations for suggestions on keeping ChromeDriver safe.
ChromeDriver was started successfully.
16:28:05.842 INFO [ProtocolHandshake.createSession] - Detected dialect: W3C
16:28:05.872 INFO [RemoteSession$Factory.lambda$performHandshake$0] - Started new session 15e0431258b6a9b14e3aadf79cc95ea4 (org.openqa.selenium.chrome.ChromeDriverService)
16:28:18.725 INFO [ActiveSessions$1.onStop] - Removing session 15e0431258b6a9b14e3aadf79cc95ea4 (org.openqa.selenium.chrome.ChromeDriverService)
16:28:19.340 INFO [ActiveSessionFactory.apply] - Capabilities are: {
  "browserName": "chrome",
  "goog:chromeOptions": {
  }
}
16:28:19.340 INFO [ActiveSessionFactory.lambda$apply$11] - Matched factory org.openqa.selenium.grid.session.remote.ServicedSession$Factory (provider: org.openqa.selenium.chrome.ChromeDriverService)
Starting ChromeDriver 114.0.5735.90 (386bc09e8f4f2e025eddae123f36f6263096ae49-refs/branch-heads/5735@{#1052}) on port 43387
Only local connections are allowed.
Please see https://chromedriver.chromium.org/security-considerations for suggestions on keeping ChromeDriver safe.
ChromeDriver was started successfully.
16:28:20.534 INFO [ProtocolHandshake.createSession] - Detected dialect: W3C
16:28:20.537 INFO [RemoteSession$Factory.lambda$performHandshake$0] - Started new session 58cd43a7c54282a93d2560cb98cf93df (org.openqa.selenium.chrome.ChromeDriverService)
16:28:28.247 INFO [ActiveSessions$1.onStop] - Removing session 58cd43a7c54282a93d2560cb98cf93df (org.openqa.selenium.chrome.ChromeDriverService)
